2014-11-19 00:24:43,964  INFO XmlBeanDefinitionReader:316 - Loading XML bean definitions from class path resource [test-context.xml]
2014-11-19 00:24:44,583  INFO GenericApplicationContext:513 - Refreshing org.springframework.context.support.GenericApplicationContext@5068f90b: startup date [Wed Nov 19 00:24:44 CET 2014]; root of context hierarchy
2014-11-19 00:24:44,748  INFO PropertyPlaceholderConfigurer:172 - Loading properties file from class path resource [jdbc.properties]
2014-11-19 00:24:45,049  INFO PropertiesFactoryBean:172 - Loading properties file from class path resource [appConfig.properties]
2014-11-19 00:24:45,168  INFO Version:15 - Hibernate Annotations 3.4.0.GA
2014-11-19 00:24:45,176  INFO Environment:543 - Hibernate 3.3.0.SP1
2014-11-19 00:24:45,179  INFO Environment:576 - hibernate.properties not found
2014-11-19 00:24:45,181  INFO Environment:709 - Bytecode provider name : javassist
2014-11-19 00:24:45,187  INFO Environment:627 - using JDK 1.4 java.sql.Timestamp handling
2014-11-19 00:24:45,258  INFO Version:14 - Hibernate Commons Annotations 3.1.0.GA
2014-11-19 00:24:45,264  INFO Configuration:1475 - configuring from url: file:/home/millan/git/spring/spring-jobeet/target/classes/hibernate.cfg.xml
2014-11-19 00:24:45,368  INFO Configuration:1575 - Configured SessionFactory: null
2014-11-19 00:24:45,409  INFO AnnotationBinder:419 - Binding entity from annotated class: org.jobeet.model.JobeetAffiliate
2014-11-19 00:24:45,447  INFO EntityBinder:422 - Bind entity org.jobeet.model.JobeetAffiliate on table Affiliate
2014-11-19 00:24:45,518  INFO AnnotationBinder:419 - Binding entity from annotated class: org.jobeet.model.JobeetCategory
2014-11-19 00:24:45,520  INFO EntityBinder:422 - Bind entity org.jobeet.model.JobeetCategory on table Category
2014-11-19 00:24:45,559  INFO AnnotationBinder:419 - Binding entity from annotated class: org.jobeet.model.JobeetJob
2014-11-19 00:24:45,559  INFO EntityBinder:422 - Bind entity org.jobeet.model.JobeetJob on table Job
2014-11-19 00:24:45,689  INFO CollectionBinder:650 - Mapping collection: org.jobeet.model.JobeetCategory.trabajos -> Job
2014-11-19 00:24:45,695  INFO AnnotationConfiguration:369 - Hibernate Validator not found: ignoring
2014-11-19 00:24:45,695  INFO LocalSessionFactoryBean:713 - Building new Hibernate SessionFactory
2014-11-19 00:24:45,699  INFO HibernateSearchEventListenerRegister:53 - Unable to find org.hibernate.search.event.FullTextIndexEventListener on the classpath. Hibernate Search is not enabled.
2014-11-19 00:24:45,707  INFO ConnectionProviderFactory:95 - Initializing connection provider: org.springframework.orm.hibernate3.LocalDataSourceConnectionProvider
2014-11-19 00:24:46,114  INFO SettingsFactory:116 - RDBMS: MySQL, version: 5.5.40-0ubuntu0.14.04.1
2014-11-19 00:24:46,114  INFO SettingsFactory:117 - JDBC driver: MySQL Connector Java, version: mysql-connector-java-5.1.30 ( Revision: alexander.soklakov@oracle.com-20140310090514-8xt1yoht5ksg2e7c )
2014-11-19 00:24:46,130  INFO Dialect:175 - Using dialect: org.hibernate.dialect.MySQLDialect
2014-11-19 00:24:46,137  INFO TransactionFactoryFactory:62 - Transaction strategy: org.springframework.orm.hibernate3.SpringTransactionFactory
2014-11-19 00:24:46,140  INFO TransactionManagerLookupFactory:80 - No TransactionManagerLookup configured (in JTA environment, use of read-write or transactional second-level cache is not recommended)
2014-11-19 00:24:46,141  INFO SettingsFactory:170 - Automatic flush during beforeCompletion(): disabled
2014-11-19 00:24:46,142  INFO SettingsFactory:174 - Automatic session close at end of transaction: disabled
2014-11-19 00:24:46,142  INFO SettingsFactory:181 - JDBC batch size: 15
2014-11-19 00:24:46,143  INFO SettingsFactory:184 - JDBC batch updates for versioned data: disabled
2014-11-19 00:24:46,145  INFO SettingsFactory:189 - Scrollable result sets: enabled
2014-11-19 00:24:46,146  INFO SettingsFactory:197 - JDBC3 getGeneratedKeys(): enabled
2014-11-19 00:24:46,147  INFO SettingsFactory:205 - Connection release mode: auto
2014-11-19 00:24:46,149  INFO SettingsFactory:229 - Maximum outer join fetch depth: 2
2014-11-19 00:24:46,150  INFO SettingsFactory:232 - Default batch fetch size: 1
2014-11-19 00:24:46,151  INFO SettingsFactory:236 - Generate SQL with comments: disabled
2014-11-19 00:24:46,152  INFO SettingsFactory:240 - Order SQL updates by primary key: disabled
2014-11-19 00:24:46,153  INFO SettingsFactory:244 - Order SQL inserts for batching: disabled
2014-11-19 00:24:46,154  INFO SettingsFactory:420 - Query translator: org.hibernate.hql.ast.ASTQueryTranslatorFactory
2014-11-19 00:24:46,157  INFO ASTQueryTranslatorFactory:47 - Using ASTQueryTranslatorFactory
2014-11-19 00:24:46,158  INFO SettingsFactory:252 - Query language substitutions: {}
2014-11-19 00:24:46,159  INFO SettingsFactory:257 - JPA-QL strict compliance: disabled
2014-11-19 00:24:46,159  INFO SettingsFactory:262 - Second-level cache: enabled
2014-11-19 00:24:46,160  INFO SettingsFactory:266 - Query cache: disabled
2014-11-19 00:24:46,161  INFO SettingsFactory:405 - Cache region factory : org.hibernate.cache.impl.NoCachingRegionFactory
2014-11-19 00:24:46,162  INFO SettingsFactory:276 - Optimize cache for minimal puts: disabled
2014-11-19 00:24:46,162  INFO SettingsFactory:285 - Structured second-level cache entries: disabled
2014-11-19 00:24:46,169  INFO SettingsFactory:305 - Echoing all SQL to stdout
2014-11-19 00:24:46,171  INFO SettingsFactory:314 - Statistics: disabled
2014-11-19 00:24:46,172  INFO SettingsFactory:318 - Deleted entity synthetic identifier rollback: disabled
2014-11-19 00:24:46,174  INFO SettingsFactory:333 - Default entity-mode: pojo
2014-11-19 00:24:46,175  INFO SettingsFactory:337 - Named query checking : enabled
2014-11-19 00:24:46,239  INFO SessionFactoryImpl:187 - building session factory
2014-11-19 00:24:46,480  INFO SessionFactoryObjectFactory:105 - Not binding factory to JNDI, no JNDI name configured
2014-11-19 00:24:46,521  INFO HibernateTransactionManager:418 - Using DataSource [org.apache.commons.dbcp.BasicDataSource@19833a5] of Hibernate SessionFactory for HibernateTransactionManager
2014-11-19 00:24:46,627  INFO CategoryServiceImpl:65 - JobServiceImpl --> Entrada listarTrabajosActivos
2014-11-19 00:24:46,628  INFO CategoryDaoImpl:70 - CategoryDaoImpl listAllCategory <-- Entrada
2014-11-19 00:24:46,709  INFO CategoryDaoImpl:73 - Tamaño de lista=0
2014-11-19 00:24:46,709  INFO CategoryDaoImpl:74 - CategoryDaoImpl listAllCategory --> Salida
2014-11-19 00:24:46,817  INFO TransactionalTestExecutionListener:276 - Began transaction (1): transaction manager [org.springframework.orm.hibernate3.HibernateTransactionManager@783277a7]; rollback [true]
2014-11-19 00:24:46,817  INFO CategoryDaoImpl:70 - CategoryDaoImpl listAllCategory <-- Entrada
2014-11-19 00:24:46,821  INFO CategoryDaoImpl:73 - Tamaño de lista=0
2014-11-19 00:24:46,821  INFO CategoryDaoImpl:74 - CategoryDaoImpl listAllCategory --> Salida
2014-11-19 00:24:46,827  INFO TransactionalTestExecutionListener:296 - Rolled back transaction after test execution for test context [DefaultTestContext@1c5877ac testClass = CategoryDaoTest, testInstance = org.jobeet.dao.CategoryDaoTest@7418cbbd, testMethod = testlistAllCategory@CategoryDaoTest, testException = java.lang.IndexOutOfBoundsException: Index: 1, Size: 0, mergedContextConfiguration = [MergedContextConfiguration@7e820d7 testClass = CategoryDaoTest, locations = '{classpath:test-context.xml}', classes = '{}', contextInitializerClasses = '[]', activeProfiles = '{}', contextLoader = 'org.springframework.test.context.support.DelegatingSmartContextLoader', parent = [null]]]
2014-11-19 00:24:46,845  INFO TransactionalTestExecutionListener:276 - Began transaction (2): transaction manager [org.springframework.orm.hibernate3.HibernateTransactionManager@783277a7]; rollback [true]
2014-11-19 00:24:46,846  INFO CategoryDaoImpl:26 - CategoryDaoImpl addCategory <-- Entrada
2014-11-19 00:24:46,890  INFO CategoryDaoImpl:46 - CategoryDaoImpl addCategory --> Salida
2014-11-19 00:24:46,936  INFO TransactionalTestExecutionListener:296 - Rolled back transaction after test execution for test context [DefaultTestContext@1c5877ac testClass = CategoryDaoTest, testInstance = org.jobeet.dao.CategoryDaoTest@30bb8cc9, testMethod = testSaveCategory@CategoryDaoTest, testException = [null], mergedContextConfiguration = [MergedContextConfiguration@7e820d7 testClass = CategoryDaoTest, locations = '{classpath:test-context.xml}', classes = '{}', contextInitializerClasses = '[]', activeProfiles = '{}', contextLoader = 'org.springframework.test.context.support.DelegatingSmartContextLoader', parent = [null]]]
2014-11-19 00:24:46,952  INFO TransactionalTestExecutionListener:276 - Began transaction (3): transaction manager [org.springframework.orm.hibernate3.HibernateTransactionManager@783277a7]; rollback [true]
2014-11-19 00:24:46,952  INFO CategoryDaoImpl:62 - CategoryDaoImpl --> Entrada en getCategoryById
2014-11-19 00:24:46,961  INFO CategoryDaoImpl:62 - CategoryDaoImpl --> Entrada en getCategoryById
2014-11-19 00:24:46,973  INFO TransactionalTestExecutionListener:296 - Rolled back transaction after test execution for test context [DefaultTestContext@1c5877ac testClass = CategoryDaoTest, testInstance = org.jobeet.dao.CategoryDaoTest@52e29c38, testMethod = testCategoryById@CategoryDaoTest, testException = [null], mergedContextConfiguration = [MergedContextConfiguration@7e820d7 testClass = CategoryDaoTest, locations = '{classpath:test-context.xml}', classes = '{}', contextInitializerClasses = '[]', activeProfiles = '{}', contextLoader = 'org.springframework.test.context.support.DelegatingSmartContextLoader', parent = [null]]]
2014-11-19 00:24:47,068  INFO TransactionalTestExecutionListener:276 - Began transaction (1): transaction manager [org.springframework.orm.hibernate3.HibernateTransactionManager@783277a7]; rollback [true]
2014-11-19 00:24:47,069  INFO JobDaoImpl:83 - JobDaoImpl listAllJob <-- Entrada
2014-11-19 00:24:47,074  INFO JobDaoImpl:85 - JobDaoImpl listAllCategory --> Salida
2014-11-19 00:24:47,079  INFO TransactionalTestExecutionListener:296 - Rolled back transaction after test execution for test context [DefaultTestContext@29a859dc testClass = JobDaoTest, testInstance = org.jobeet.dao.JobDaoTest@6ba38fe1, testMethod = testlistAllJob@JobDaoTest, testException = [null], mergedContextConfiguration = [MergedContextConfiguration@3f3b33fc testClass = JobDaoTest, locations = '{classpath:test-context.xml}', classes = '{}', contextInitializerClasses = '[]', activeProfiles = '{}', contextLoader = 'org.springframework.test.context.support.DelegatingSmartContextLoader', parent = [null]]]
2014-11-19 00:24:47,092  INFO TransactionalTestExecutionListener:276 - Began transaction (2): transaction manager [org.springframework.orm.hibernate3.HibernateTransactionManager@783277a7]; rollback [true]
2014-11-19 00:24:47,093  INFO JobDaoImpl:35 - JobDaoImpl --> Entrada en añadir job
2014-11-19 00:24:47,119  WARN JDBCExceptionReporter:100 - SQL Error: 1452, SQLState: 23000
2014-11-19 00:24:47,119 ERROR JDBCExceptionReporter:101 - Cannot add or update a child row: a foreign key constraint fails (`Jobeet`.`Job`, CONSTRAINT `Job_fk1` FOREIGN KEY (`category_id`) REFERENCES `Category` (`id`) ON DELETE CASCADE)
2014-11-19 00:24:47,161  INFO TransactionalTestExecutionListener:296 - Rolled back transaction after test execution for test context [DefaultTestContext@29a859dc testClass = JobDaoTest, testInstance = org.jobeet.dao.JobDaoTest@568b6b12, testMethod = testSaveJob@JobDaoTest, testException = org.hibernate.exception.ConstraintViolationException: could not insert: [org.jobeet.model.JobeetJob], mergedContextConfiguration = [MergedContextConfiguration@3f3b33fc testClass = JobDaoTest, locations = '{classpath:test-context.xml}', classes = '{}', contextInitializerClasses = '[]', activeProfiles = '{}', contextLoader = 'org.springframework.test.context.support.DelegatingSmartContextLoader', parent = [null]]]
2014-11-19 00:24:47,189  INFO TransactionalTestExecutionListener:276 - Began transaction (3): transaction manager [org.springframework.orm.hibernate3.HibernateTransactionManager@783277a7]; rollback [true]
2014-11-19 00:24:47,190  INFO JobDaoImpl:65 - JobDaoImpl --> Entrada en getJobById
2014-11-19 00:24:47,196  INFO JobDaoImpl:65 - JobDaoImpl --> Entrada en getJobById
2014-11-19 00:24:47,205  INFO TransactionalTestExecutionListener:296 - Rolled back transaction after test execution for test context [DefaultTestContext@29a859dc testClass = JobDaoTest, testInstance = org.jobeet.dao.JobDaoTest@7aacaaae, testMethod = testJobById@JobDaoTest, testException = [null], mergedContextConfiguration = [MergedContextConfiguration@3f3b33fc testClass = JobDaoTest, locations = '{classpath:test-context.xml}', classes = '{}', contextInitializerClasses = '[]', activeProfiles = '{}', contextLoader = 'org.springframework.test.context.support.DelegatingSmartContextLoader', parent = [null]]]
2014-11-19 00:24:47,219  INFO TransactionalTestExecutionListener:276 - Began transaction (4): transaction manager [org.springframework.orm.hibernate3.HibernateTransactionManager@783277a7]; rollback [true]
2014-11-19 00:24:47,219  INFO JobDaoImpl:90 - JobDaoImpl listarTrabajosActivos <-- Entrada
2014-11-19 00:24:47,229  INFO JobDaoImpl:100 - JobDaoImpl listarTrabajosActivos <-- Salida
2014-11-19 00:24:47,236  INFO TransactionalTestExecutionListener:296 - Rolled back transaction after test execution for test context [DefaultTestContext@29a859dc testClass = JobDaoTest, testInstance = org.jobeet.dao.JobDaoTest@6168d3c5, testMethod = testListarTrabajosActivos@JobDaoTest, testException = [null], mergedContextConfiguration = [MergedContextConfiguration@3f3b33fc testClass = JobDaoTest, locations = '{classpath:test-context.xml}', classes = '{}', contextInitializerClasses = '[]', activeProfiles = '{}', contextLoader = 'org.springframework.test.context.support.DelegatingSmartContextLoader', parent = [null]]]
2014-11-19 00:24:47,248  INFO TransactionalTestExecutionListener:276 - Began transaction (5): transaction manager [org.springframework.orm.hibernate3.HibernateTransactionManager@783277a7]; rollback [true]
2014-11-19 00:24:47,249  INFO JobDaoImpl:106 - trabajosActivosCategoria <-- Entrada
2014-11-19 00:24:47,268  INFO JobDaoImpl:124 - trabajosActivosCategoria <-- Salida
2014-11-19 00:24:47,275  INFO TransactionalTestExecutionListener:296 - Rolled back transaction after test execution for test context [DefaultTestContext@29a859dc testClass = JobDaoTest, testInstance = org.jobeet.dao.JobDaoTest@3a54bfd8, testMethod = testListarTrabajosActivosCategoria@JobDaoTest, testException = [null], mergedContextConfiguration = [MergedContextConfiguration@3f3b33fc testClass = JobDaoTest, locations = '{classpath:test-context.xml}', classes = '{}', contextInitializerClasses = '[]', activeProfiles = '{}', contextLoader = 'org.springframework.test.context.support.DelegatingSmartContextLoader', parent = [null]]]
2014-11-19 00:24:47,286  INFO TransactionalTestExecutionListener:276 - Began transaction (6): transaction manager [org.springframework.orm.hibernate3.HibernateTransactionManager@783277a7]; rollback [true]
2014-11-19 00:24:47,287  INFO JobDaoImpl:147 - trabajosActivosCategoria <-- Entrada
2014-11-19 00:24:47,297  INFO JobDaoImpl:158 - trabajosActivosCategoria <-- Salida
2014-11-19 00:24:47,302  INFO TransactionalTestExecutionListener:296 - Rolled back transaction after test execution for test context [DefaultTestContext@29a859dc testClass = JobDaoTest, testInstance = org.jobeet.dao.JobDaoTest@6e96051d, testMethod = testTrabajosActivosCategoria@JobDaoTest, testException = [null], mergedContextConfiguration = [MergedContextConfiguration@3f3b33fc testClass = JobDaoTest, locations = '{classpath:test-context.xml}', classes = '{}', contextInitializerClasses = '[]', activeProfiles = '{}', contextLoader = 'org.springframework.test.context.support.DelegatingSmartContextLoader', parent = [null]]]
2014-11-19 00:24:47,317  INFO TransactionalTestExecutionListener:276 - Began transaction (7): transaction manager [org.springframework.orm.hibernate3.HibernateTransactionManager@783277a7]; rollback [true]
2014-11-19 00:24:47,318  INFO JobDaoImpl:167 - validarToken <-- Entrada
2014-11-19 00:24:47,324  INFO JobDaoImpl:178 - valido=false
2014-11-19 00:24:47,324  INFO JobDaoImpl:179 - validarToken <-- Salida
2014-11-19 00:24:47,324  INFO JobDaoImpl:167 - validarToken <-- Entrada
2014-11-19 00:24:47,329  INFO JobDaoImpl:178 - valido=false
2014-11-19 00:24:47,329  INFO JobDaoImpl:179 - validarToken <-- Salida
2014-11-19 00:24:47,333  INFO TransactionalTestExecutionListener:296 - Rolled back transaction after test execution for test context [DefaultTestContext@29a859dc testClass = JobDaoTest, testInstance = org.jobeet.dao.JobDaoTest@6c2ed7ce, testMethod = testValidarTokenTrabajo@JobDaoTest, testException = [null], mergedContextConfiguration = [MergedContextConfiguration@3f3b33fc testClass = JobDaoTest, locations = '{classpath:test-context.xml}', classes = '{}', contextInitializerClasses = '[]', activeProfiles = '{}', contextLoader = 'org.springframework.test.context.support.DelegatingSmartContextLoader', parent = [null]]]
2014-11-19 00:24:47,349  INFO TransactionalTestExecutionListener:276 - Began transaction (8): transaction manager [org.springframework.orm.hibernate3.HibernateTransactionManager@783277a7]; rollback [true]
2014-11-19 00:24:47,350  INFO JobDaoImpl:70 - JobDaoImpl --> Entrada en getJobByExample
2014-11-19 00:24:47,363  INFO JobDaoImpl:70 - JobDaoImpl --> Entrada en getJobByExample
2014-11-19 00:24:47,372  INFO TransactionalTestExecutionListener:296 - Rolled back transaction after test execution for test context [DefaultTestContext@29a859dc testClass = JobDaoTest, testInstance = org.jobeet.dao.JobDaoTest@45449c55, testMethod = testBuscarPorEjemplo@JobDaoTest, testException = [null], mergedContextConfiguration = [MergedContextConfiguration@3f3b33fc testClass = JobDaoTest, locations = '{classpath:test-context.xml}', classes = '{}', contextInitializerClasses = '[]', activeProfiles = '{}', contextLoader = 'org.springframework.test.context.support.DelegatingSmartContextLoader', parent = [null]]]
2014-11-19 00:24:47,377  INFO GenericApplicationContext:873 - Closing org.springframework.context.support.GenericApplicationContext@5068f90b: startup date [Wed Nov 19 00:24:44 CET 2014]; root of context hierarchy
2014-11-19 00:24:47,388  INFO LocalSessionFactoryBean:225 - Closing Hibernate SessionFactory
2014-11-19 00:24:47,388  INFO SessionFactoryImpl:805 - closing
2014-11-19 00:33:22,826  INFO XmlBeanDefinitionReader:316 - Loading XML bean definitions from class path resource [test-context.xml]
2014-11-19 00:33:23,326  INFO GenericApplicationContext:513 - Refreshing org.springframework.context.support.GenericApplicationContext@1bb66a6b: startup date [Wed Nov 19 00:33:23 CET 2014]; root of context hierarchy
2014-11-19 00:33:23,512  INFO PropertyPlaceholderConfigurer:172 - Loading properties file from class path resource [jdbc.properties]
2014-11-19 00:33:23,811  INFO PropertiesFactoryBean:172 - Loading properties file from class path resource [appConfig.properties]
2014-11-19 00:33:23,914  INFO Version:15 - Hibernate Annotations 3.4.0.GA
2014-11-19 00:33:23,923  INFO Environment:543 - Hibernate 3.3.0.SP1
2014-11-19 00:33:23,926  INFO Environment:576 - hibernate.properties not found
2014-11-19 00:33:23,929  INFO Environment:709 - Bytecode provider name : javassist
2014-11-19 00:33:23,934  INFO Environment:627 - using JDK 1.4 java.sql.Timestamp handling
2014-11-19 00:33:24,001  INFO Version:14 - Hibernate Commons Annotations 3.1.0.GA
2014-11-19 00:33:24,009  INFO Configuration:1475 - configuring from url: file:/home/millan/git/spring/spring-jobeet/target/classes/hibernate.cfg.xml
2014-11-19 00:33:24,085  INFO Configuration:1575 - Configured SessionFactory: null
2014-11-19 00:33:24,134  INFO AnnotationBinder:419 - Binding entity from annotated class: org.jobeet.model.JobeetAffiliate
2014-11-19 00:33:24,178  INFO EntityBinder:422 - Bind entity org.jobeet.model.JobeetAffiliate on table Affiliate
2014-11-19 00:33:24,259  INFO AnnotationBinder:419 - Binding entity from annotated class: org.jobeet.model.JobeetCategory
2014-11-19 00:33:24,261  INFO EntityBinder:422 - Bind entity org.jobeet.model.JobeetCategory on table Category
2014-11-19 00:33:24,299  INFO AnnotationBinder:419 - Binding entity from annotated class: org.jobeet.model.JobeetJob
2014-11-19 00:33:24,300  INFO EntityBinder:422 - Bind entity org.jobeet.model.JobeetJob on table Job
2014-11-19 00:33:24,413  INFO CollectionBinder:650 - Mapping collection: org.jobeet.model.JobeetCategory.trabajos -> Job
2014-11-19 00:33:24,418  INFO AnnotationConfiguration:369 - Hibernate Validator not found: ignoring
2014-11-19 00:33:24,419  INFO LocalSessionFactoryBean:713 - Building new Hibernate SessionFactory
2014-11-19 00:33:24,422  INFO HibernateSearchEventListenerRegister:53 - Unable to find org.hibernate.search.event.FullTextIndexEventListener on the classpath. Hibernate Search is not enabled.
2014-11-19 00:33:24,431  INFO ConnectionProviderFactory:95 - Initializing connection provider: org.springframework.orm.hibernate3.LocalDataSourceConnectionProvider
2014-11-19 00:33:24,666  INFO SettingsFactory:116 - RDBMS: MySQL, version: 5.5.40-0ubuntu0.14.04.1
2014-11-19 00:33:24,666  INFO SettingsFactory:117 - JDBC driver: MySQL Connector Java, version: mysql-connector-java-5.1.30 ( Revision: alexander.soklakov@oracle.com-20140310090514-8xt1yoht5ksg2e7c )
2014-11-19 00:33:24,682  INFO Dialect:175 - Using dialect: org.hibernate.dialect.MySQLDialect
2014-11-19 00:33:24,689  INFO TransactionFactoryFactory:62 - Transaction strategy: org.springframework.orm.hibernate3.SpringTransactionFactory
2014-11-19 00:33:24,692  INFO TransactionManagerLookupFactory:80 - No TransactionManagerLookup configured (in JTA environment, use of read-write or transactional second-level cache is not recommended)
2014-11-19 00:33:24,693  INFO SettingsFactory:170 - Automatic flush during beforeCompletion(): disabled
2014-11-19 00:33:24,693  INFO SettingsFactory:174 - Automatic session close at end of transaction: disabled
2014-11-19 00:33:24,694  INFO SettingsFactory:181 - JDBC batch size: 15
2014-11-19 00:33:24,695  INFO SettingsFactory:184 - JDBC batch updates for versioned data: disabled
2014-11-19 00:33:24,697  INFO SettingsFactory:189 - Scrollable result sets: enabled
2014-11-19 00:33:24,698  INFO SettingsFactory:197 - JDBC3 getGeneratedKeys(): enabled
2014-11-19 00:33:24,699  INFO SettingsFactory:205 - Connection release mode: auto
2014-11-19 00:33:24,700  INFO SettingsFactory:229 - Maximum outer join fetch depth: 2
2014-11-19 00:33:24,702  INFO SettingsFactory:232 - Default batch fetch size: 1
2014-11-19 00:33:24,702  INFO SettingsFactory:236 - Generate SQL with comments: disabled
2014-11-19 00:33:24,703  INFO SettingsFactory:240 - Order SQL updates by primary key: disabled
2014-11-19 00:33:24,704  INFO SettingsFactory:244 - Order SQL inserts for batching: disabled
2014-11-19 00:33:24,704  INFO SettingsFactory:420 - Query translator: org.hibernate.hql.ast.ASTQueryTranslatorFactory
2014-11-19 00:33:24,708  INFO ASTQueryTranslatorFactory:47 - Using ASTQueryTranslatorFactory
2014-11-19 00:33:24,709  INFO SettingsFactory:252 - Query language substitutions: {}
2014-11-19 00:33:24,709  INFO SettingsFactory:257 - JPA-QL strict compliance: disabled
2014-11-19 00:33:24,709  INFO SettingsFactory:262 - Second-level cache: enabled
2014-11-19 00:33:24,710  INFO SettingsFactory:266 - Query cache: disabled
2014-11-19 00:33:24,710  INFO SettingsFactory:405 - Cache region factory : org.hibernate.cache.impl.NoCachingRegionFactory
2014-11-19 00:33:24,711  INFO SettingsFactory:276 - Optimize cache for minimal puts: disabled
2014-11-19 00:33:24,711  INFO SettingsFactory:285 - Structured second-level cache entries: disabled
2014-11-19 00:33:24,716  INFO SettingsFactory:305 - Echoing all SQL to stdout
2014-11-19 00:33:24,717  INFO SettingsFactory:314 - Statistics: disabled
2014-11-19 00:33:24,717  INFO SettingsFactory:318 - Deleted entity synthetic identifier rollback: disabled
2014-11-19 00:33:24,719  INFO SettingsFactory:333 - Default entity-mode: pojo
2014-11-19 00:33:24,719  INFO SettingsFactory:337 - Named query checking : enabled
2014-11-19 00:33:24,753  INFO SessionFactoryImpl:187 - building session factory
2014-11-19 00:33:24,972  INFO SessionFactoryObjectFactory:105 - Not binding factory to JNDI, no JNDI name configured
2014-11-19 00:33:25,017  INFO HibernateTransactionManager:418 - Using DataSource [org.apache.commons.dbcp.BasicDataSource@68de1359] of Hibernate SessionFactory for HibernateTransactionManager
2014-11-19 00:33:25,123  INFO CategoryServiceImpl:65 - JobServiceImpl --> Entrada listarTrabajosActivos
2014-11-19 00:33:25,124  INFO CategoryDaoImpl:70 - CategoryDaoImpl listAllCategory <-- Entrada
2014-11-19 00:33:25,157  INFO CategoryDaoImpl:73 - Tamaño de lista=0
2014-11-19 00:33:25,157  INFO CategoryDaoImpl:74 - CategoryDaoImpl listAllCategory --> Salida
2014-11-19 00:33:25,261  INFO TransactionalTestExecutionListener:276 - Began transaction (1): transaction manager [org.springframework.orm.hibernate3.HibernateTransactionManager@1c07f4e5]; rollback [true]
2014-11-19 00:33:25,261  INFO CategoryDaoImpl:70 - CategoryDaoImpl listAllCategory <-- Entrada
2014-11-19 00:33:25,264  INFO CategoryDaoImpl:73 - Tamaño de lista=0
2014-11-19 00:33:25,265  INFO CategoryDaoImpl:74 - CategoryDaoImpl listAllCategory --> Salida
2014-11-19 00:33:25,269  INFO TransactionalTestExecutionListener:296 - Rolled back transaction after test execution for test context [DefaultTestContext@7e820d7 testClass = CategoryDaoTest, testInstance = org.jobeet.dao.CategoryDaoTest@18c4074f, testMethod = testlistAllCategory@CategoryDaoTest, testException = java.lang.IndexOutOfBoundsException: Index: 1, Size: 0, mergedContextConfiguration = [MergedContextConfiguration@6dbbe03c testClass = CategoryDaoTest, locations = '{classpath:test-context.xml}', classes = '{}', contextInitializerClasses = '[]', activeProfiles = '{}', contextLoader = 'org.springframework.test.context.support.DelegatingSmartContextLoader', parent = [null]]]
2014-11-19 00:33:25,286  INFO TransactionalTestExecutionListener:276 - Began transaction (2): transaction manager [org.springframework.orm.hibernate3.HibernateTransactionManager@1c07f4e5]; rollback [true]
2014-11-19 00:33:25,286  INFO CategoryDaoImpl:26 - CategoryDaoImpl addCategory <-- Entrada
2014-11-19 00:33:25,335  INFO CategoryDaoImpl:46 - CategoryDaoImpl addCategory --> Salida
2014-11-19 00:33:25,431  INFO TransactionalTestExecutionListener:296 - Rolled back transaction after test execution for test context [DefaultTestContext@7e820d7 testClass = CategoryDaoTest, testInstance = org.jobeet.dao.CategoryDaoTest@24e414d2, testMethod = testSaveCategory@CategoryDaoTest, testException = [null], mergedContextConfiguration = [MergedContextConfiguration@6dbbe03c testClass = CategoryDaoTest, locations = '{classpath:test-context.xml}', classes = '{}', contextInitializerClasses = '[]', activeProfiles = '{}', contextLoader = 'org.springframework.test.context.support.DelegatingSmartContextLoader', parent = [null]]]
2014-11-19 00:33:25,447  INFO TransactionalTestExecutionListener:276 - Began transaction (3): transaction manager [org.springframework.orm.hibernate3.HibernateTransactionManager@1c07f4e5]; rollback [true]
2014-11-19 00:33:25,448  INFO CategoryDaoImpl:62 - CategoryDaoImpl --> Entrada en getCategoryById
2014-11-19 00:33:25,454  INFO CategoryDaoImpl:62 - CategoryDaoImpl --> Entrada en getCategoryById
2014-11-19 00:33:25,461  INFO TransactionalTestExecutionListener:296 - Rolled back transaction after test execution for test context [DefaultTestContext@7e820d7 testClass = CategoryDaoTest, testInstance = org.jobeet.dao.CategoryDaoTest@70cd47, testMethod = testCategoryById@CategoryDaoTest, testException = [null], mergedContextConfiguration = [MergedContextConfiguration@6dbbe03c testClass = CategoryDaoTest, locations = '{classpath:test-context.xml}', classes = '{}', contextInitializerClasses = '[]', activeProfiles = '{}', contextLoader = 'org.springframework.test.context.support.DelegatingSmartContextLoader', parent = [null]]]
2014-11-19 00:33:25,516  INFO TransactionalTestExecutionListener:276 - Began transaction (1): transaction manager [org.springframework.orm.hibernate3.HibernateTransactionManager@1c07f4e5]; rollback [true]
2014-11-19 00:33:25,517  INFO JobDaoImpl:83 - JobDaoImpl listAllJob <-- Entrada
2014-11-19 00:33:25,520  INFO JobDaoImpl:85 - JobDaoImpl listAllCategory --> Salida
2014-11-19 00:33:25,524  INFO TransactionalTestExecutionListener:296 - Rolled back transaction after test execution for test context [DefaultTestContext@3f3b33fc testClass = JobDaoTest, testInstance = org.jobeet.dao.JobDaoTest@47d205d2, testMethod = testlistAllJob@JobDaoTest, testException = [null], mergedContextConfiguration = [MergedContextConfiguration@2d7c42d4 testClass = JobDaoTest, locations = '{classpath:test-context.xml}', classes = '{}', contextInitializerClasses = '[]', activeProfiles = '{}', contextLoader = 'org.springframework.test.context.support.DelegatingSmartContextLoader', parent = [null]]]
2014-11-19 00:33:25,537  INFO TransactionalTestExecutionListener:276 - Began transaction (2): transaction manager [org.springframework.orm.hibernate3.HibernateTransactionManager@1c07f4e5]; rollback [true]
2014-11-19 00:33:25,538  INFO JobDaoImpl:35 - JobDaoImpl --> Entrada en añadir job
2014-11-19 00:33:25,564  WARN JDBCExceptionReporter:100 - SQL Error: 1452, SQLState: 23000
2014-11-19 00:33:25,565 ERROR JDBCExceptionReporter:101 - Cannot add or update a child row: a foreign key constraint fails (`Jobeet`.`Job`, CONSTRAINT `Job_fk1` FOREIGN KEY (`category_id`) REFERENCES `Category` (`id`) ON DELETE CASCADE)
2014-11-19 00:33:25,617  INFO TransactionalTestExecutionListener:296 - Rolled back transaction after test execution for test context [DefaultTestContext@3f3b33fc testClass = JobDaoTest, testInstance = org.jobeet.dao.JobDaoTest@3bf02645, testMethod = testSaveJob@JobDaoTest, testException = org.hibernate.exception.ConstraintViolationException: could not insert: [org.jobeet.model.JobeetJob], mergedContextConfiguration = [MergedContextConfiguration@2d7c42d4 testClass = JobDaoTest, locations = '{classpath:test-context.xml}', classes = '{}', contextInitializerClasses = '[]', activeProfiles = '{}', contextLoader = 'org.springframework.test.context.support.DelegatingSmartContextLoader', parent = [null]]]
2014-11-19 00:33:25,644  INFO TransactionalTestExecutionListener:276 - Began transaction (3): transaction manager [org.springframework.orm.hibernate3.HibernateTransactionManager@1c07f4e5]; rollback [true]
2014-11-19 00:33:25,645  INFO JobDaoImpl:65 - JobDaoImpl --> Entrada en getJobById
2014-11-19 00:33:25,656  INFO JobDaoImpl:65 - JobDaoImpl --> Entrada en getJobById
2014-11-19 00:33:25,676  INFO TransactionalTestExecutionListener:296 - Rolled back transaction after test execution for test context [DefaultTestContext@3f3b33fc testClass = JobDaoTest, testInstance = org.jobeet.dao.JobDaoTest@38cf004e, testMethod = testJobById@JobDaoTest, testException = [null], mergedContextConfiguration = [MergedContextConfiguration@2d7c42d4 testClass = JobDaoTest, locations = '{classpath:test-context.xml}', classes = '{}', contextInitializerClasses = '[]', activeProfiles = '{}', contextLoader = 'org.springframework.test.context.support.DelegatingSmartContextLoader', parent = [null]]]
2014-11-19 00:33:25,708  INFO TransactionalTestExecutionListener:276 - Began transaction (4): transaction manager [org.springframework.orm.hibernate3.HibernateTransactionManager@1c07f4e5]; rollback [true]
2014-11-19 00:33:25,711  INFO JobDaoImpl:90 - JobDaoImpl listarTrabajosActivos <-- Entrada
2014-11-19 00:33:25,723  INFO JobDaoImpl:100 - JobDaoImpl listarTrabajosActivos <-- Salida
2014-11-19 00:33:25,730  INFO TransactionalTestExecutionListener:296 - Rolled back transaction after test execution for test context [DefaultTestContext@3f3b33fc testClass = JobDaoTest, testInstance = org.jobeet.dao.JobDaoTest@5728210a, testMethod = testListarTrabajosActivos@JobDaoTest, testException = [null], mergedContextConfiguration = [MergedContextConfiguration@2d7c42d4 testClass = JobDaoTest, locations = '{classpath:test-context.xml}', classes = '{}', contextInitializerClasses = '[]', activeProfiles = '{}', contextLoader = 'org.springframework.test.context.support.DelegatingSmartContextLoader', parent = [null]]]
2014-11-19 00:33:25,742  INFO TransactionalTestExecutionListener:276 - Began transaction (5): transaction manager [org.springframework.orm.hibernate3.HibernateTransactionManager@1c07f4e5]; rollback [true]
2014-11-19 00:33:25,742  INFO JobDaoImpl:106 - trabajosActivosCategoria <-- Entrada
2014-11-19 00:33:25,747  INFO JobDaoImpl:124 - trabajosActivosCategoria <-- Salida
2014-11-19 00:33:25,752  INFO TransactionalTestExecutionListener:296 - Rolled back transaction after test execution for test context [DefaultTestContext@3f3b33fc testClass = JobDaoTest, testInstance = org.jobeet.dao.JobDaoTest@37bc2e0, testMethod = testListarTrabajosActivosCategoria@JobDaoTest, testException = [null], mergedContextConfiguration = [MergedContextConfiguration@2d7c42d4 testClass = JobDaoTest, locations = '{classpath:test-context.xml}', classes = '{}', contextInitializerClasses = '[]', activeProfiles = '{}', contextLoader = 'org.springframework.test.context.support.DelegatingSmartContextLoader', parent = [null]]]
2014-11-19 00:33:25,765  INFO TransactionalTestExecutionListener:276 - Began transaction (6): transaction manager [org.springframework.orm.hibernate3.HibernateTransactionManager@1c07f4e5]; rollback [true]
2014-11-19 00:33:25,765  INFO JobDaoImpl:147 - trabajosActivosCategoria <-- Entrada
2014-11-19 00:33:25,773  INFO JobDaoImpl:158 - trabajosActivosCategoria <-- Salida
2014-11-19 00:33:25,777  INFO TransactionalTestExecutionListener:296 - Rolled back transaction after test execution for test context [DefaultTestContext@3f3b33fc testClass = JobDaoTest, testInstance = org.jobeet.dao.JobDaoTest@3d2d38ad, testMethod = testTrabajosActivosCategoria@JobDaoTest, testException = [null], mergedContextConfiguration = [MergedContextConfiguration@2d7c42d4 testClass = JobDaoTest, locations = '{classpath:test-context.xml}', classes = '{}', contextInitializerClasses = '[]', activeProfiles = '{}', contextLoader = 'org.springframework.test.context.support.DelegatingSmartContextLoader', parent = [null]]]
2014-11-19 00:33:25,789  INFO TransactionalTestExecutionListener:276 - Began transaction (7): transaction manager [org.springframework.orm.hibernate3.HibernateTransactionManager@1c07f4e5]; rollback [true]
2014-11-19 00:33:25,789  INFO JobDaoImpl:167 - validarToken <-- Entrada
2014-11-19 00:33:25,793  INFO JobDaoImpl:178 - valido=false
2014-11-19 00:33:25,794  INFO JobDaoImpl:179 - validarToken <-- Salida
2014-11-19 00:33:25,794  INFO JobDaoImpl:167 - validarToken <-- Entrada
2014-11-19 00:33:25,798  INFO JobDaoImpl:178 - valido=false
2014-11-19 00:33:25,798  INFO JobDaoImpl:179 - validarToken <-- Salida
2014-11-19 00:33:25,802  INFO TransactionalTestExecutionListener:296 - Rolled back transaction after test execution for test context [DefaultTestContext@3f3b33fc testClass = JobDaoTest, testInstance = org.jobeet.dao.JobDaoTest@496cc009, testMethod = testValidarTokenTrabajo@JobDaoTest, testException = [null], mergedContextConfiguration = [MergedContextConfiguration@2d7c42d4 testClass = JobDaoTest, locations = '{classpath:test-context.xml}', classes = '{}', contextInitializerClasses = '[]', activeProfiles = '{}', contextLoader = 'org.springframework.test.context.support.DelegatingSmartContextLoader', parent = [null]]]
2014-11-19 00:33:25,819  INFO TransactionalTestExecutionListener:276 - Began transaction (8): transaction manager [org.springframework.orm.hibernate3.HibernateTransactionManager@1c07f4e5]; rollback [true]
2014-11-19 00:33:25,819  INFO JobDaoImpl:70 - JobDaoImpl --> Entrada en getJobByExample
2014-11-19 00:33:25,833  INFO JobDaoImpl:70 - JobDaoImpl --> Entrada en getJobByExample
2014-11-19 00:33:25,843  INFO TransactionalTestExecutionListener:296 - Rolled back transaction after test execution for test context [DefaultTestContext@3f3b33fc testClass = JobDaoTest, testInstance = org.jobeet.dao.JobDaoTest@45449c55, testMethod = testBuscarPorEjemplo@JobDaoTest, testException = [null], mergedContextConfiguration = [MergedContextConfiguration@2d7c42d4 testClass = JobDaoTest, locations = '{classpath:test-context.xml}', classes = '{}', contextInitializerClasses = '[]', activeProfiles = '{}', contextLoader = 'org.springframework.test.context.support.DelegatingSmartContextLoader', parent = [null]]]
2014-11-19 00:33:25,850  INFO GenericApplicationContext:873 - Closing org.springframework.context.support.GenericApplicationContext@1bb66a6b: startup date [Wed Nov 19 00:33:23 CET 2014]; root of context hierarchy
2014-11-19 00:33:25,858  INFO LocalSessionFactoryBean:225 - Closing Hibernate SessionFactory
2014-11-19 00:33:25,858  INFO SessionFactoryImpl:805 - closing
